{"C:\\Users\\HP\\Workspace\\vending-machine(testDrivenTutorial)\\test.js":{"path":"C:\\Users\\HP\\Workspace\\vending-machine(testDrivenTutorial)\\test.js","s":{"1":1,"2":1,"3":1,"4":1,"5":1,"6":1,"7":1,"8":1,"9":1,"10":1,"11":1,"12":1,"13":1,"14":1,"15":1,"16":1,"17":1,"18":1,"19":1,"20":1,"21":1,"22":1,"23":1},"b":{"1":[1,0],"2":[1,1],"3":[1,0],"4":[1,1]},"f":{"1":1,"2":1,"3":1,"4":1},"fnMap":{"1":{"name":"(anonymous_1)","line":15,"loc":{"start":{"line":15,"column":56},"end":{"line":15,"column":74}}},"2":{"name":"(anonymous_2)","line":22,"loc":{"start":{"line":22,"column":58},"end":{"line":22,"column":76}}},"3":{"name":"(anonymous_3)","line":29,"loc":{"start":{"line":29,"column":57},"end":{"line":29,"column":75}}},"4":{"name":"(anonymous_4)","line":36,"loc":{"start":{"line":36,"column":73},"end":{"line":36,"column":91}}}},"statementMap":{"1":{"start":{"line":5,"column":0},"end":{"line":11,"column":1}},"2":{"start":{"line":6,"column":2},"end":{"line":6,"column":33},"skip":true},"3":{"start":{"line":8,"column":2},"end":{"line":8,"column":24},"skip":true},"4":{"start":{"line":9,"column":2},"end":{"line":9,"column":43},"skip":true},"5":{"start":{"line":10,"column":2},"end":{"line":10,"column":41},"skip":true},"6":{"start":{"line":15,"column":0},"end":{"line":19,"column":3}},"7":{"start":{"line":16,"column":2},"end":{"line":16,"column":31}},"8":{"start":{"line":17,"column":2},"end":{"line":17,"column":20}},"9":{"start":{"line":18,"column":2},"end":{"line":18,"column":37}},"10":{"start":{"line":22,"column":0},"end":{"line":26,"column":3}},"11":{"start":{"line":23,"column":2},"end":{"line":23,"column":35}},"12":{"start":{"line":24,"column":2},"end":{"line":24,"column":33}},"13":{"start":{"line":25,"column":2},"end":{"line":25,"column":37}},"14":{"start":{"line":29,"column":0},"end":{"line":33,"column":3}},"15":{"start":{"line":30,"column":2},"end":{"line":30,"column":35}},"16":{"start":{"line":31,"column":2},"end":{"line":31,"column":33}},"17":{"start":{"line":32,"column":2},"end":{"line":32,"column":37}},"18":{"start":{"line":36,"column":0},"end":{"line":40,"column":3}},"19":{"start":{"line":37,"column":2},"end":{"line":37,"column":34}},"20":{"start":{"line":38,"column":2},"end":{"line":38,"column":49}},"21":{"start":{"line":39,"column":2},"end":{"line":39,"column":37}},"22":{"start":{"line":43,"column":0},"end":{"line":43,"column":70},"skip":true},"23":{"start":{"line":43,"column":55},"end":{"line":43,"column":68},"skip":true}},"branchMap":{"1":{"line":5,"type":"if","locations":[{"start":{"line":5,"column":0},"end":{"line":5,"column":0},"skip":true},{"start":{"line":5,"column":0},"end":{"line":5,"column":0}}]},"2":{"line":5,"type":"binary-expr","locations":[{"start":{"line":5,"column":4},"end":{"line":5,"column":33}},{"start":{"line":5,"column":37},"end":{"line":5,"column":51}}]},"3":{"line":43,"type":"if","locations":[{"start":{"line":43,"column":0},"end":{"line":43,"column":0},"skip":true},{"start":{"line":43,"column":0},"end":{"line":43,"column":0},"skip":true}]},"4":{"line":43,"type":"binary-expr","locations":[{"start":{"line":43,"column":4},"end":{"line":43,"column":33},"skip":true},{"start":{"line":43,"column":37},"end":{"line":43,"column":51},"skip":true}]}}},"C:\\Users\\HP\\Workspace\\vending-machine(testDrivenTutorial)\\change.js":{"path":"C:\\Users\\HP\\Workspace\\vending-machine(testDrivenTutorial)\\change.js","s":{"1":1,"2":1,"3":1,"4":4,"5":4,"6":3,"7":3,"8":3,"9":24,"10":16,"11":16,"12":4,"13":0,"14":0,"15":0,"16":0,"17":4},"b":{"1":[1,0],"2":[1,1],"3":[3,1],"4":[0,4]},"f":{"1":4},"fnMap":{"1":{"name":"getChange","line":8,"loc":{"start":{"line":8,"column":0},"end":{"line":8,"column":43}}}},"statementMap":{"1":{"start":{"line":4,"column":0},"end":{"line":6,"column":1},"skip":true},"2":{"start":{"line":5,"column":2},"end":{"line":5,"column":29},"skip":true},"3":{"start":{"line":8,"column":0},"end":{"line":46,"column":1}},"4":{"start":{"line":11,"column":2},"end":{"line":11,"column":18}},"5":{"start":{"line":13,"column":2},"end":{"line":39,"column":3}},"6":{"start":{"line":25,"column":4},"end":{"line":25,"column":44}},"7":{"start":{"line":27,"column":4},"end":{"line":27,"column":56}},"8":{"start":{"line":30,"column":4},"end":{"line":38,"column":5}},"9":{"start":{"line":32,"column":6},"end":{"line":37,"column":7}},"10":{"start":{"line":34,"column":8},"end":{"line":34,"column":38}},"11":{"start":{"line":36,"column":8},"end":{"line":36,"column":38}},"12":{"start":{"line":42,"column":2},"end":{"line":45,"column":3}},"13":{"start":{"line":42,"column":26},"end":{"line":42,"column":47}},"14":{"start":{"line":42,"column":48},"end":{"line":42,"column":95}},"15":{"start":{"line":42,"column":79},"end":{"line":42,"column":93}},"16":{"start":{"line":42,"column":96},"end":{"line":42,"column":107}},"17":{"start":{"line":44,"column":4},"end":{"line":44,"column":18}}},"branchMap":{"1":{"line":4,"type":"if","locations":[{"start":{"line":4,"column":0},"end":{"line":4,"column":0},"skip":true},{"start":{"line":4,"column":0},"end":{"line":4,"column":0},"skip":true}]},"2":{"line":4,"type":"binary-expr","locations":[{"start":{"line":4,"column":4},"end":{"line":4,"column":33},"skip":true},{"start":{"line":4,"column":37},"end":{"line":4,"column":51},"skip":true}]},"3":{"line":13,"type":"if","locations":[{"start":{"line":13,"column":2},"end":{"line":13,"column":2}},{"start":{"line":13,"column":2},"end":{"line":13,"column":2}}]},"4":{"line":42,"type":"if","locations":[{"start":{"line":42,"column":2},"end":{"line":42,"column":2}},{"start":{"line":42,"column":2},"end":{"line":42,"column":2}}]}}}}