TN:
SF:C:\Users\HP\Workspace\vending-machine(testDrivenTutorial)\test.js
FN:15,(anonymous_1)
FN:22,(anonymous_2)
FN:29,(anonymous_3)
FN:36,(anonymous_4)
FNF:4
FNH:4
FNDA:1,(anonymous_1)
FNDA:1,(anonymous_2)
FNDA:1,(anonymous_3)
FNDA:1,(anonymous_4)
DA:5,1
DA:6,1
DA:8,1
DA:9,1
DA:10,1
DA:15,1
DA:16,1
DA:17,1
DA:18,1
DA:22,1
DA:23,1
DA:24,1
DA:25,1
DA:29,1
DA:30,1
DA:31,1
DA:32,1
DA:36,1
DA:37,1
DA:38,1
DA:39,1
DA:43,1
LF:22
LH:22
BRDA:5,1,0,1
BRDA:5,1,1,0
BRDA:5,2,0,1
BRDA:5,2,1,1
BRDA:43,3,0,1
BRDA:43,3,1,0
BRDA:43,4,0,1
BRDA:43,4,1,1
BRF:8
BRH:7
end_of_record
TN:
SF:C:\Users\HP\Workspace\vending-machine(testDrivenTutorial)\change.js
FN:8,getChange
FNF:1
FNH:1
FNDA:4,getChange
DA:4,1
DA:5,1
DA:8,1
DA:11,4
DA:13,4
DA:25,3
DA:27,3
DA:30,3
DA:32,24
DA:34,16
DA:36,16
DA:42,4
DA:44,4
LF:13
LH:13
BRDA:4,1,0,1
BRDA:4,1,1,0
BRDA:4,2,0,1
BRDA:4,2,1,1
BRDA:13,3,0,3
BRDA:13,3,1,1
BRDA:42,4,0,0
BRDA:42,4,1,4
BRF:8
BRH:7
end_of_record
